[2025-09-26T18:48:28.622Z] generateSpeech called with text length: 58
[2025-09-26T18:48:28.623Z] voice parameter: af_heart
[2025-09-26T18:48:28.623Z] Submitting request to Fal.ai queue for model: fal-ai/kokoro/american-english
[2025-09-26T18:48:28.623Z] Submitting to: https://queue.fal.run/fal-ai/kokoro/american-english
[2025-09-26T18:48:29.318Z] Submit response: {"status":"IN_QUEUE","request_id":"12c754f4-b635-4c52-a732-5335a3931c76","response_url":"https://queue.fal.run/fal-ai/kokoro/requests/12c754f4-b635-4c52-a732-5335a3931c76","status_url":"https://queue.fal.run/fal-ai/kokoro/requests/12c754f4-b635-4c52-a732-5335a3931c76/status","cancel_url":"https://queue.fal.run/fal-ai/kokoro/requests/12c754f4-b635-4c52-a732-5335a3931c76/cancel","logs":null,"metrics":{},"queue_position":0}
[2025-09-26T18:48:29.318Z] Request submitted successfully, request_id: 12c754f4-b635-4c52-a732-5335a3931c76
[2025-09-26T18:48:29.319Z] Polling status at: https://queue.fal.run/fal-ai/kokoro/american-english/requests/12c754f4-b635-4c52-a732-5335a3931c76/status
[2025-09-26T18:48:29.945Z] Poll attempt 1 failed: Status check failed: 405 Method Not Allowed
[2025-09-26T18:48:32.159Z] Poll attempt 2 failed: Status check failed: 405 Method Not Allowed
[2025-09-26T18:48:34.371Z] Poll attempt 3 failed: Status check failed: 405 Method Not Allowed
[2025-09-26T18:48:36.583Z] Poll attempt 4 failed: Status check failed: 405 Method Not Allowed
[2025-09-26T18:48:38.797Z] Poll attempt 5 failed: Status check failed: 405 Method Not Allowed
[2025-09-26T18:48:41.008Z] Poll attempt 6 failed: Status check failed: 405 Method Not Allowed
[2025-09-26T18:48:43.219Z] Poll attempt 7 failed: Status check failed: 405 Method Not Allowed
[2025-09-26T18:48:45.496Z] Poll attempt 8 failed: Status check failed: 405 Method Not Allowed
[2025-09-26T18:48:47.709Z] Poll attempt 9 failed: Status check failed: 405 Method Not Allowed
[2025-09-26T18:48:49.927Z] Poll attempt 10 failed: Status check failed: 405 Method Not Allowed
[2025-09-26T18:48:52.137Z] Poll attempt 11 failed: Status check failed: 405 Method Not Allowed
[2025-09-26T18:48:54.347Z] Poll attempt 12 failed: Status check failed: 405 Method Not Allowed
[2025-09-26T18:48:56.563Z] Poll attempt 13 failed: Status check failed: 405 Method Not Allowed
[2025-09-26T18:48:58.775Z] Poll attempt 14 failed: Status check failed: 405 Method Not Allowed
[2025-09-26T18:49:00.985Z] Poll attempt 15 failed: Status check failed: 405 Method Not Allowed
[2025-09-26T18:49:03.288Z] Poll attempt 16 failed: Status check failed: 405 Method Not Allowed
[2025-09-26T18:49:05.565Z] Poll attempt 17 failed: Status check failed: 405 Method Not Allowed
[2025-09-26T18:49:07.777Z] Poll attempt 18 failed: Status check failed: 405 Method Not Allowed
